SF:lib/features/auth/presentation/state/login_cubit.dart
DA:14,2
DA:22,1
DA:28,1
DA:29,1
DA:32,1
DA:33,0
DA:36,1
DA:37,6
DA:42,2
DA:45,1
DA:46,1
DA:47,1
DA:48,2
DA:56,2
DA:57,1
DA:58,2
DA:61,0
DA:64,0
DA:65,0
DA:76,1
DA:77,1
DA:78,1
DA:79,2
DA:87,2
DA:88,1
DA:89,2
DA:92,1
DA:93,1
DA:94,1
DA:95,1
DA:106,1
DA:107,1
DA:108,3
LF:33
LH:29
end_of_record
SF:lib/features/auth/domain/entities/user.dart
DA:10,4
DA:12,2
DA:13,10
LF:3
LH:3
end_of_record
SF:lib/features/shop/data/models/shop_dtos.dart
DA:18,4
DA:36,2
DA:37,2
DA:38,2
DA:39,2
DA:40,4
DA:41,2
DA:42,2
DA:43,2
DA:44,2
DA:45,4
DA:46,4
DA:47,2
DA:48,2
DA:49,2
DA:50,2
DA:51,2
DA:52,2
DA:56,1
DA:57,1
DA:58,1
DA:59,1
DA:60,1
DA:61,1
DA:62,1
DA:63,1
DA:64,1
DA:65,2
DA:66,2
DA:67,1
DA:68,1
DA:69,1
DA:70,1
DA:71,1
DA:72,1
DA:82,3
DA:88,2
DA:89,2
DA:90,2
DA:91,2
DA:92,2
DA:96,1
DA:97,4
DA:118,3
DA:136,2
DA:137,2
DA:138,2
DA:139,2
DA:140,2
DA:141,2
DA:142,2
DA:143,2
DA:144,2
DA:145,2
DA:146,2
DA:147,2
DA:148,2
DA:149,2
DA:150,2
DA:151,4
DA:152,4
DA:156,1
DA:157,1
DA:158,1
DA:159,1
DA:160,1
DA:161,1
DA:162,1
DA:163,1
DA:164,1
DA:165,1
DA:166,1
DA:167,1
DA:168,1
DA:169,1
DA:170,1
DA:171,2
DA:172,2
DA:184,3
DA:192,2
DA:193,2
DA:194,2
DA:195,6
DA:196,2
DA:197,2
DA:198,2
DA:199,2
DA:200,2
DA:204,0
DA:205,0
DA:206,0
DA:207,0
DA:208,0
DA:209,0
DA:210,0
DA:225,3
DA:236,2
DA:237,2
DA:239,4
DA:240,4
DA:241,4
DA:242,4
DA:243,6
DA:245,4
DA:246,4
DA:247,6
DA:248,6
LF:107
LH:100
end_of_record
SF:lib/features/shop/data/sources/shop_api.dart
DA:7,1
DA:9,1
DA:11,2
DA:13,1
DA:16,2
DA:17,3
DA:19,0
DA:21,1
DA:22,1
DA:23,1
DA:24,4
DA:27,0
DA:30,0
DA:34,1
DA:36,3
DA:38,2
DA:39,3
DA:41,0
DA:43,1
DA:44,1
DA:45,0
DA:46,0
DA:49,3
DA:52,0
DA:56,1
DA:58,2
DA:60,2
DA:61,2
DA:63,1
DA:64,2
DA:66,1
DA:68,0
DA:70,0
DA:71,0
DA:72,0
DA:73,0
DA:76,0
DA:79,0
DA:83,1
DA:85,3
DA:87,2
DA:88,3
DA:90,0
DA:92,0
DA:93,0
DA:94,0
DA:95,0
DA:98,0
DA:101,0
DA:105,1
DA:107,2
DA:109,2
DA:110,2
DA:112,3
DA:113,1
DA:115,0
DA:117,0
DA:118,0
DA:119,0
DA:120,0
DA:123,0
DA:126,0
DA:130,1
DA:132,3
DA:134,2
DA:135,3
DA:137,0
DA:139,0
DA:140,0
DA:141,0
DA:142,0
DA:145,0
DA:148,0
LF:73
LH:38
end_of_record
SF:lib/app/di.dart
DA:18,0
DA:20,0
DA:21,0
DA:22,0
DA:25,0
DA:28,0
DA:29,0
DA:30,0
DA:31,0
DA:32,0
DA:33,0
DA:34,0
DA:37,0
DA:38,0
DA:39,0
DA:41,0
DA:42,0
DA:44,0
DA:47,0
DA:48,0
DA:51,0
LF:21
LH:0
end_of_record
SF:lib/core/health/health_controller.dart
DA:17,1
DA:18,0
DA:58,0
DA:60,0
DA:63,0
DA:78,0
DA:82,0
DA:84,0
DA:85,0
DA:86,0
DA:87,0
DA:89,0
DA:90,0
DA:94,0
DA:95,0
DA:96,0
DA:97,0
DA:100,0
DA:101,0
DA:103,0
DA:105,0
DA:106,0
DA:107,0
DA:108,0
DA:111,0
DA:112,0
DA:113,0
DA:118,0
DA:119,0
DA:120,0
DA:121,0
DA:123,0
DA:124,0
DA:127,0
DA:132,0
DA:133,0
DA:134,0
DA:137,0
DA:139,0
DA:140,0
DA:144,0
DA:146,0
DA:147,0
DA:148,0
DA:151,0
DA:152,0
DA:153,0
DA:155,0
DA:158,0
DA:159,0
DA:160,0
DA:163,0
DA:164,0
DA:168,0
DA:169,0
DA:171,0
DA:172,0
DA:176,0
DA:177,0
DA:182,0
DA:183,0
DA:184,0
DA:186,0
DA:187,0
DA:191,0
DA:192,0
DA:198,0
DA:201,0
DA:204,0
DA:208,0
DA:209,0
DA:213,0
DA:217,0
DA:218,0
DA:219,0
DA:220,0
DA:221,0
DA:222,0
DA:224,0
DA:225,0
DA:229,0
DA:231,0
DA:233,0
DA:235,0
DA:240,1
DA:250,1
DA:251,1
DA:252,1
DA:257,1
DA:258,1
DA:259,1
DA:260,1
DA:261,1
DA:262,2
DA:264,1
DA:265,1
DA:266,1
DA:269,3
DA:274,1
DA:275,1
DA:282,2
DA:284,1
DA:285,1
DA:290,1
DA:300,1
DA:301,1
DA:302,1
DA:307,1
DA:308,1
DA:309,1
DA:310,1
DA:311,1
DA:312,1
DA:314,1
DA:315,1
DA:316,1
DA:319,3
DA:324,1
DA:325,1
DA:332,0
DA:334,1
DA:335,1
DA:340,1
DA:341,1
DA:342,1
DA:343,1
DA:347,1
DA:348,1
DA:349,1
DA:350,1
DA:354,1
DA:355,1
DA:356,1
DA:357,1
DA:358,1
DA:359,1
DA:363,0
DA:364,0
DA:368,0
DA:370,0
DA:371,0
DA:372,0
DA:373,0
DA:374,0
DA:379,0
DA:380,0
DA:386,0
DA:387,0
DA:388,0
DA:389,0
DA:395,0
DA:398,0
DA:399,0
DA:403,0
DA:404,0
DA:409,1
DA:410,1
DA:411,0
DA:416,1
DA:417,1
DA:418,0
DA:422,0
DA:423,0
DA:424,0
DA:425,0
LF:165
LH:56
end_of_record
SF:lib/core/health/health_repository.dart
DA:9,0
LF:1
LH:0
end_of_record
SF:lib/core/health/health_service.dart
DA:8,0
DA:9,0
DA:18,0
DA:19,0
DA:20,0
DA:23,0
DA:25,0
DA:30,0
DA:31,0
DA:32,0
DA:46,0
DA:50,0
DA:53,0
DA:54,0
DA:56,0
DA:57,0
DA:62,0
DA:63,0
DA:64,0
DA:67,0
DA:69,0
DA:71,0
DA:74,0
DA:75,0
DA:76,0
DA:78,0
DA:79,0
DA:82,0
DA:87,0
DA:90,0
DA:91,0
DA:93,0
DA:94,0
DA:99,0
DA:100,0
DA:101,0
DA:104,0
DA:105,0
DA:107,0
DA:110,0
DA:115,0
DA:117,0
DA:122,0
DA:123,0
DA:124,0
DA:126,0
DA:127,0
DA:130,0
DA:131,0
DA:135,0
DA:140,0
DA:142,0
DA:143,0
DA:145,0
DA:148,0
DA:150,0
DA:153,0
DA:159,0
DA:167,0
DA:175,0
DA:180,0
DA:186,0
DA:188,0
LF:63
LH:0
end_of_record
SF:lib/core/genai/genai_service.dart
DA:8,0
DA:11,0
DA:24,0
DA:36,0
DA:38,0
DA:43,0
DA:56,0
DA:68,0
DA:70,0
LF:9
LH:0
end_of_record
SF:lib/core/state/cart_controller.dart
DA:9,1
DA:10,5
DA:19,1
DA:20,1
DA:24,2
DA:25,2
DA:26,2
DA:28,1
DA:29,2
DA:30,2
DA:31,1
DA:32,2
DA:33,1
DA:34,2
DA:35,1
DA:36,1
DA:37,1
DA:40,1
DA:43,1
DA:46,4
DA:47,1
DA:48,1
DA:49,6
DA:52,3
DA:53,3
DA:54,2
DA:55,3
DA:56,3
DA:57,3
DA:59,1
DA:60,1
DA:62,3
DA:63,1
DA:65,0
DA:67,1
DA:71,1
DA:72,1
DA:73,1
DA:77,1
DA:78,1
DA:80,3
DA:81,1
DA:83,0
DA:85,1
DA:89,1
DA:90,3
DA:91,4
DA:92,0
DA:96,2
DA:97,1
DA:98,1
DA:100,0
DA:105,1
DA:106,2
DA:108,3
DA:109,4
DA:110,0
DA:114,1
DA:116,4
DA:117,1
DA:119,0
DA:121,1
DA:126,1
DA:127,3
DA:128,4
DA:129,0
DA:133,1
DA:135,4
DA:136,1
DA:138,0
DA:140,1
DA:145,1
DA:146,1
DA:148,3
DA:149,1
DA:151,0
DA:153,1
DA:157,1
DA:158,1
DA:160,3
DA:161,1
DA:164,2
DA:167,1
DA:171,1
DA:172,1
DA:174,3
DA:175,1
DA:177,0
DA:179,1
DA:183,1
DA:184,1
DA:191,0
DA:192,0
DA:194,0
DA:195,0
DA:196,0
DA:197,0
LF:97
LH:81
end_of_record
SF:lib/features/account/presentation/state/user_cubit.dart
DA:14,3
DA:21,1
DA:27,1
DA:28,1
DA:29,1
DA:31,1
DA:35,1
DA:36,5
DA:42,2
DA:45,1
DA:46,1
DA:47,3
DA:49,2
DA:50,1
DA:51,3
DA:54,1
DA:56,2
DA:57,2
DA:59,0
DA:60,0
DA:61,0
DA:62,0
DA:64,0
DA:65,0
DA:71,1
DA:72,2
DA:74,2
DA:83,1
DA:84,3
DA:86,3
DA:88,2
DA:89,1
DA:90,3
DA:93,0
DA:95,0
DA:96,0
DA:97,0
DA:99,0
DA:100,0
DA:101,0
DA:102,0
DA:104,0
DA:105,0
DA:111,0
DA:112,0
DA:114,0
DA:123,0
DA:124,0
DA:127,0
DA:128,0
DA:131,0
DA:132,0
DA:135,0
DA:136,0
DA:140,1
DA:141,3
DA:145,0
DA:146,0
DA:147,0
DA:148,0
DA:149,0
DA:151,0
LF:62
LH:29
end_of_record
SF:lib/features/cart/data/cart_repository.dart
DA:19,1
DA:21,1
DA:24,2
DA:27,1
DA:31,1
DA:34,1
DA:35,1
DA:38,2
DA:41,1
DA:45,1
DA:48,1
DA:52,2
DA:54,1
DA:58,1
DA:61,2
DA:63,1
DA:67,1
DA:70,1
DA:71,2
DA:73,1
DA:77,1
DA:80,2
DA:82,1
DA:86,1
DA:89,2
DA:91,1
DA:95,1
DA:96,1
DA:103,1
DA:105,1
DA:106,1
DA:126,0
DA:128,0
DA:129,0
DA:132,0
DA:134,0
DA:137,0
DA:138,0
DA:141,0
DA:143,0
DA:144,0
DA:145,0
DA:146,0
DA:147,0
DA:148,0
DA:149,0
DA:150,0
DA:152,0
DA:155,0
DA:156,0
DA:158,0
DA:161,0
DA:162,0
DA:163,0
DA:164,0
DA:165,0
DA:166,0
DA:168,0
DA:171,0
DA:172,0
DA:175,0
DA:178,0
DA:180,0
DA:182,0
DA:183,0
DA:186,0
DA:187,0
DA:189,0
DA:190,0
DA:191,0
DA:192,0
DA:193,0
DA:194,0
DA:195,0
DA:197,0
DA:200,0
DA:201,0
DA:203,0
DA:204,0
DA:207,0
DA:209,0
DA:211,0
DA:212,0
DA:213,0
DA:214,0
DA:215,0
DA:218,0
DA:220,0
DA:223,0
DA:224,0
DA:225,0
DA:226,0
DA:229,0
DA:230,0
DA:231,0
DA:232,0
DA:233,0
DA:234,0
DA:235,0
DA:236,0
DA:239,0
DA:240,0
DA:243,0
DA:246,0
DA:248,0
DA:250,0
DA:251,0
DA:252,0
DA:253,0
DA:254,0
DA:255,0
DA:256,0
DA:257,0
DA:260,0
DA:261,0
DA:264,0
DA:267,0
DA:269,0
DA:271,0
DA:272,0
DA:278,0
DA:281,0
DA:282,0
DA:285,0
DA:288,0
DA:289,0
DA:290,0
DA:291,0
DA:292,0
DA:294,0
DA:295,0
DA:296,0
DA:302,0
DA:303,0
DA:304,0
DA:305,0
LF:136
LH:31
end_of_record
SF:lib/core/network/dio_client.dart
DA:14,0
DA:15,0
DA:16,0
DA:17,0
DA:18,0
DA:19,0
DA:20,0
DA:21,0
DA:23,0
LF:9
LH:0
end_of_record
SF:lib/core/api/api_di.dart
DA:20,0
DA:22,0
DA:23,0
DA:24,0
DA:25,0
DA:26,0
DA:27,0
DA:28,0
DA:29,0
DA:30,0
DA:31,0
DA:32,0
DA:33,0
DA:34,0
DA:35,0
LF:15
LH:0
end_of_record
SF:lib/features/auth/di.dart
DA:7,0
DA:9,0
DA:10,0
DA:11,0
LF:4
LH:0
end_of_record
SF:lib/features/account/di.dart
DA:9,0
DA:11,0
DA:14,0
DA:15,0
DA:19,0
DA:20,0
LF:6
LH:0
end_of_record
SF:lib/features/shop/di.dart
DA:6,0
DA:8,0
DA:9,0
DA:15,0
DA:16,0
LF:5
LH:0
end_of_record
SF:lib/features/cart/di.dart
DA:6,0
DA:8,0
DA:9,0
DA:15,0
DA:16,0
LF:5
LH:0
end_of_record
SF:lib/core/api/addresses_api.dart
DA:8,0
DA:11,0
DA:13,0
DA:14,0
DA:15,0
DA:16,0
DA:17,0
DA:20,0
DA:21,0
DA:22,0
DA:27,0
DA:29,0
DA:30,0
DA:31,0
DA:32,0
DA:33,0
DA:36,0
DA:37,0
DA:38,0
DA:43,0
DA:45,0
DA:46,0
DA:47,0
DA:48,0
DA:49,0
DA:52,0
DA:53,0
DA:54,0
DA:59,0
DA:61,0
DA:62,0
DA:63,0
DA:64,0
DA:65,0
DA:68,0
DA:69,0
DA:70,0
DA:75,0
DA:77,0
DA:78,0
DA:79,0
DA:81,0
DA:82,0
LF:43
LH:0
end_of_record
SF:lib/core/network/api_helper.dart
DA:7,1
DA:8,1
DA:9,2
DA:10,3
DA:11,3
DA:12,1
DA:14,1
DA:15,1
DA:16,1
DA:17,2
DA:18,1
DA:19,1
DA:20,1
DA:21,2
DA:22,1
DA:23,2
DA:25,0
DA:28,3
DA:33,1
DA:34,1
DA:36,1
DA:37,1
DA:38,1
DA:39,1
DA:40,0
DA:46,1
DA:48,1
DA:52,1
DA:53,2
DA:54,1
DA:55,1
DA:57,3
DA:58,1
DA:60,1
DA:62,3
DA:63,1
DA:65,1
LF:37
LH:35
end_of_record
SF:lib/core/api/bundles_api.dart
DA:8,0
DA:11,0
DA:13,0
DA:14,0
DA:15,0
DA:16,0
DA:17,0
DA:20,0
DA:21,0
DA:22,0
DA:27,0
DA:29,0
DA:30,0
DA:31,0
DA:32,0
DA:33,0
DA:36,0
DA:37,0
DA:38,0
DA:43,0
DA:45,0
DA:46,0
DA:47,0
DA:48,0
DA:49,0
DA:52,0
DA:53,0
DA:54,0
DA:59,0
DA:61,0
DA:62,0
DA:63,0
DA:64,0
DA:65,0
DA:68,0
DA:69,0
DA:70,0
DA:75,0
DA:77,0
DA:78,0
DA:79,0
DA:81,0
DA:82,0
LF:43
LH:0
end_of_record
SF:lib/core/api/categories_api.dart
DA:8,0
DA:11,0
DA:13,0
DA:14,0
DA:15,0
DA:16,0
DA:17,0
DA:20,0
DA:21,0
DA:22,0
DA:27,0
DA:29,0
DA:30,0
DA:31,0
DA:32,0
DA:33,0
DA:36,0
DA:37,0
DA:38,0
DA:43,0
DA:45,0
DA:46,0
DA:47,0
DA:48,0
DA:49,0
DA:52,0
DA:53,0
DA:54,0
DA:59,0
DA:61,0
DA:62,0
DA:63,0
DA:64,0
DA:65,0
DA:68,0
DA:69,0
DA:70,0
DA:75,0
DA:77,0
DA:78,0
DA:79,0
DA:81,0
DA:82,0
LF:43
LH:0
end_of_record
SF:lib/core/api/deliveries_api.dart
DA:8,0
DA:11,0
DA:13,0
DA:14,0
DA:15,0
DA:16,0
DA:17,0
DA:20,0
DA:21,0
DA:22,0
DA:27,0
DA:29,0
DA:30,0
DA:31,0
DA:32,0
DA:33,0
DA:36,0
DA:37,0
DA:38,0
DA:43,0
DA:45,0
DA:46,0
DA:47,0
DA:48,0
DA:49,0
DA:52,0
DA:53,0
DA:54,0
DA:59,0
DA:61,0
DA:62,0
DA:63,0
DA:64,0
DA:65,0
DA:68,0
DA:69,0
DA:70,0
DA:75,0
DA:77,0
DA:78,0
DA:79,0
DA:81,0
DA:82,0
LF:43
LH:0
end_of_record
SF:lib/core/api/inventories_api.dart
DA:8,0
DA:11,0
DA:13,0
DA:14,0
DA:15,0
DA:16,0
DA:17,0
DA:20,0
DA:21,0
DA:22,0
DA:27,0
DA:29,0
DA:30,0
DA:31,0
DA:32,0
DA:33,0
DA:36,0
DA:37,0
DA:38,0
DA:43,0
DA:45,0
DA:46,0
DA:47,0
DA:48,0
DA:49,0
DA:52,0
DA:53,0
DA:54,0
DA:59,0
DA:61,0
DA:62,0
DA:63,0
DA:64,0
DA:65,0
DA:68,0
DA:69,0
DA:70,0
DA:75,0
DA:77,0
DA:78,0
DA:79,0
DA:81,0
DA:82,0
LF:43
LH:0
end_of_record
SF:lib/core/api/meal_plans_api.dart
DA:8,0
DA:11,0
DA:13,0
DA:14,0
DA:15,0
DA:16,0
DA:17,0
DA:20,0
DA:21,0
DA:22,0
DA:27,0
DA:29,0
DA:30,0
DA:31,0
DA:32,0
DA:33,0
DA:36,0
DA:37,0
DA:38,0
DA:43,0
DA:45,0
DA:46,0
DA:47,0
DA:48,0
DA:49,0
DA:52,0
DA:53,0
DA:54,0
DA:59,0
DA:61,0
DA:62,0
DA:63,0
DA:64,0
DA:65,0
DA:68,0
DA:69,0
DA:70,0
DA:75,0
DA:77,0
DA:78,0
DA:79,0
DA:81,0
DA:82,0
LF:43
LH:0
end_of_record
SF:lib/core/api/notifications_api.dart
DA:8,0
DA:11,0
DA:13,0
DA:14,0
DA:15,0
DA:16,0
DA:17,0
DA:20,0
DA:21,0
DA:22,0
DA:27,0
DA:29,0
DA:30,0
DA:31,0
DA:32,0
DA:33,0
DA:36,0
DA:37,0
DA:38,0
DA:43,0
DA:45,0
DA:46,0
DA:47,0
DA:48,0
DA:49,0
DA:52,0
DA:53,0
DA:54,0
DA:59,0
DA:61,0
DA:62,0
DA:63,0
DA:64,0
DA:65,0
DA:68,0
DA:69,0
DA:70,0
DA:75,0
DA:77,0
DA:78,0
DA:79,0
DA:81,0
DA:82,0
LF:43
LH:0
end_of_record
SF:lib/core/api/orders_api.dart
DA:8,0
DA:11,0
DA:13,0
DA:14,0
DA:15,0
DA:16,0
DA:17,0
DA:20,0
DA:21,0
DA:22,0
DA:27,0
DA:29,0
DA:30,0
DA:31,0
DA:32,0
DA:33,0
DA:36,0
DA:37,0
DA:38,0
DA:43,0
DA:45,0
DA:46,0
DA:47,0
DA:48,0
DA:49,0
DA:52,0
DA:53,0
DA:54,0
DA:59,0
DA:61,0
DA:62,0
DA:63,0
DA:64,0
DA:65,0
DA:68,0
DA:69,0
DA:70,0
DA:75,0
DA:77,0
DA:78,0
DA:79,0
DA:81,0
DA:82,0
LF:43
LH:0
end_of_record
SF:lib/core/api/payments_api.dart
DA:8,0
DA:11,0
DA:13,0
DA:14,0
DA:15,0
DA:16,0
DA:17,0
DA:20,0
DA:21,0
DA:22,0
DA:27,0
DA:29,0
DA:30,0
DA:31,0
DA:32,0
DA:33,0
DA:36,0
DA:37,0
DA:38,0
DA:43,0
DA:45,0
DA:46,0
DA:47,0
DA:48,0
DA:49,0
DA:52,0
DA:53,0
DA:54,0
DA:59,0
DA:61,0
DA:62,0
DA:63,0
DA:64,0
DA:65,0
DA:68,0
DA:69,0
DA:70,0
DA:75,0
DA:77,0
DA:78,0
DA:79,0
DA:81,0
DA:82,0
LF:43
LH:0
end_of_record
SF:lib/core/api/products_api.dart
DA:8,0
DA:11,0
DA:13,0
DA:14,0
DA:15,0
DA:16,0
DA:17,0
DA:20,0
DA:21,0
DA:22,0
DA:27,0
DA:29,0
DA:30,0
DA:31,0
DA:32,0
DA:33,0
DA:36,0
DA:37,0
DA:38,0
DA:43,0
DA:45,0
DA:46,0
DA:47,0
DA:48,0
DA:49,0
DA:52,0
DA:53,0
DA:54,0
DA:59,0
DA:61,0
DA:62,0
DA:63,0
DA:64,0
DA:65,0
DA:68,0
DA:69,0
DA:70,0
DA:75,0
DA:77,0
DA:78,0
DA:79,0
DA:81,0
DA:82,0
LF:43
LH:0
end_of_record
SF:lib/core/api/recipes_api.dart
DA:8,0
DA:11,0
DA:13,0
DA:14,0
DA:15,0
DA:16,0
DA:17,0
DA:20,0
DA:21,0
DA:22,0
DA:27,0
DA:29,0
DA:30,0
DA:31,0
DA:32,0
DA:33,0
DA:36,0
DA:37,0
DA:38,0
DA:43,0
DA:45,0
DA:46,0
DA:47,0
DA:48,0
DA:49,0
DA:52,0
DA:53,0
DA:54,0
DA:59,0
DA:61,0
DA:62,0
DA:63,0
DA:64,0
DA:65,0
DA:68,0
DA:69,0
DA:70,0
DA:75,0
DA:77,0
DA:78,0
DA:79,0
DA:81,0
DA:82,0
LF:43
LH:0
end_of_record
SF:lib/core/api/reviews_api.dart
DA:8,0
DA:11,0
DA:13,0
DA:14,0
DA:15,0
DA:16,0
DA:17,0
DA:20,0
DA:21,0
DA:22,0
DA:27,0
DA:29,0
DA:30,0
DA:31,0
DA:32,0
DA:33,0
DA:36,0
DA:37,0
DA:38,0
DA:43,0
DA:45,0
DA:46,0
DA:47,0
DA:48,0
DA:49,0
DA:52,0
DA:53,0
DA:54,0
DA:59,0
DA:61,0
DA:62,0
DA:63,0
DA:64,0
DA:65,0
DA:68,0
DA:69,0
DA:70,0
DA:75,0
DA:77,0
DA:78,0
DA:79,0
DA:81,0
DA:82,0
LF:43
LH:0
end_of_record
SF:lib/core/api/uploads_api.dart
DA:9,0
DA:13,0
DA:15,0
DA:16,0
DA:17,0
DA:18,0
DA:23,0
DA:24,0
DA:25,0
DA:26,0
DA:27,0
DA:30,0
DA:31,0
DA:32,0
DA:37,0
DA:39,0
DA:40,0
DA:41,0
DA:42,0
DA:43,0
DA:44,0
DA:47,0
DA:49,0
DA:50,0
DA:51,0
LF:25
LH:0
end_of_record
SF:lib/core/api/vendors_api.dart
DA:8,0
DA:11,0
DA:13,0
DA:14,0
DA:15,0
DA:16,0
DA:17,0
DA:20,0
DA:21,0
DA:22,0
DA:27,0
DA:29,0
DA:30,0
DA:31,0
DA:32,0
DA:33,0
DA:36,0
DA:37,0
DA:38,0
DA:43,0
DA:45,0
DA:46,0
DA:47,0
DA:48,0
DA:49,0
DA:52,0
DA:53,0
DA:54,0
DA:59,0
DA:61,0
DA:62,0
DA:63,0
DA:64,0
DA:65,0
DA:68,0
DA:69,0
DA:70,0
DA:75,0
DA:77,0
DA:78,0
DA:79,0
DA:81,0
DA:82,0
LF:43
LH:0
end_of_record
SF:lib/core/genai/genai_api.dart
DA:6,0
DA:9,0
DA:21,0
DA:23,0
DA:32,0
DA:33,0
DA:36,0
DA:40,0
DA:52,0
DA:54,0
DA:63,0
DA:64,0
DA:66,0
DA:71,0
LF:14
LH:0
end_of_record
SF:lib/core/genai/models.dart
DA:7,2
DA:14,1
DA:15,1
DA:16,1
DA:17,3
DA:18,3
DA:19,1
DA:23,1
DA:24,1
DA:25,1
DA:26,1
DA:27,1
DA:28,1
DA:38,2
DA:44,1
DA:45,1
DA:46,1
DA:47,2
DA:49,1
DA:50,3
DA:51,1
DA:52,1
DA:56,1
DA:57,1
DA:58,1
DA:59,1
DA:60,5
LF:27
LH:27
end_of_record
SF:lib/features/account/domain/entities/user_profile.dart
DA:21,5
DA:39,2
DA:40,2
DA:41,2
DA:42,2
DA:43,2
DA:44,2
DA:45,2
DA:46,2
DA:47,2
DA:48,2
DA:49,2
DA:50,2
DA:51,2
DA:52,2
DA:53,2
DA:54,2
DA:55,2
DA:59,1
DA:60,3
DA:61,1
DA:62,5
DA:63,6
DA:67,1
DA:68,5
DA:72,1
DA:73,3
DA:74,3
DA:75,4
DA:78,1
DA:95,1
DA:96,1
DA:97,1
DA:98,1
DA:99,1
DA:100,1
DA:101,1
DA:102,1
DA:103,1
DA:104,1
DA:105,1
DA:106,1
DA:107,1
DA:108,1
DA:109,1
DA:110,1
LF:46
LH:46
end_of_record
SF:lib/features/shop/domain/product.dart
DA:16,4
DA:33,3
DA:40,3
DA:41,3
DA:58,2
DA:59,2
DA:60,2
DA:61,2
DA:62,2
DA:63,2
DA:64,2
DA:65,2
DA:66,2
DA:67,2
DA:68,2
DA:69,2
DA:70,2
DA:71,2
DA:72,2
DA:76,1
DA:91,1
DA:92,1
DA:93,1
DA:94,1
DA:95,1
DA:96,1
DA:97,1
DA:98,1
DA:99,1
DA:100,1
DA:101,1
DA:102,1
DA:103,1
DA:104,1
LF:34
LH:34
end_of_record
SF:lib/features/cart/data/models/cart_dtos.dart
DA:10,2
DA:20,1
DA:21,1
DA:22,1
DA:23,1
DA:24,1
DA:25,1
DA:26,2
DA:27,1
DA:28,2
DA:32,1
DA:33,1
DA:34,1
DA:35,1
DA:36,1
DA:37,1
DA:38,1
DA:39,1
DA:40,1
DA:58,3
DA:72,1
DA:73,1
DA:74,1
DA:75,1
DA:76,2
DA:77,2
DA:78,2
DA:79,2
DA:80,1
DA:81,3
DA:82,1
DA:83,1
DA:84,2
DA:85,2
DA:86,2
DA:90,1
DA:91,1
DA:92,1
DA:93,1
DA:94,1
DA:95,1
DA:96,1
DA:97,1
DA:98,3
DA:99,1
DA:100,1
DA:101,2
DA:102,2
DA:111,2
DA:113,1
DA:114,3
DA:122,2
DA:124,1
DA:125,3
DA:132,2
DA:134,1
DA:135,2
LF:57
LH:57
end_of_record
SF:lib/features/account/data/models/user_profile_dto.dart
DA:21,2
DA:39,2
DA:40,2
DA:41,2
DA:42,2
DA:43,2
DA:44,2
DA:45,2
DA:46,2
DA:47,2
DA:48,2
DA:49,4
DA:51,2
DA:52,2
DA:53,2
DA:54,4
DA:56,2
DA:57,4
DA:59,2
DA:60,4
DA:61,4
DA:65,1
DA:66,1
DA:67,1
DA:68,1
DA:69,1
DA:70,1
DA:71,1
DA:72,1
DA:73,1
DA:74,1
DA:75,1
DA:76,1
DA:77,1
DA:78,1
DA:79,1
DA:80,2
DA:81,2
DA:85,0
DA:86,0
DA:87,0
DA:88,0
DA:89,0
DA:90,0
DA:91,0
DA:92,0
DA:93,0
DA:94,0
DA:95,0
DA:96,0
DA:97,0
DA:98,0
DA:99,0
DA:103,2
DA:104,2
DA:105,2
DA:106,2
DA:107,2
DA:108,2
DA:109,2
DA:110,2
DA:111,2
DA:112,2
DA:113,2
DA:114,2
DA:115,2
DA:116,2
DA:117,2
DA:118,2
DA:119,2
LF:70
LH:55
end_of_record
SF:lib/features/account/data/repositories/user_repository_impl.dart
DA:9,1
DA:11,1
DA:13,2
DA:14,2
DA:17,1
DA:19,2
DA:20,2
DA:23,1
DA:28,2
DA:29,2
DA:32,1
DA:34,2
DA:35,2
LF:13
LH:13
end_of_record
SF:lib/features/account/data/sources/user_api.dart
DA:7,2
DA:11,1
DA:13,2
DA:15,2
DA:17,1
DA:18,1
DA:21,0
DA:24,0
DA:26,1
DA:27,1
DA:28,2
DA:29,3
DA:30,3
DA:31,1
DA:33,1
DA:34,1
DA:35,1
DA:36,0
DA:37,1
DA:38,1
DA:40,0
DA:43,0
DA:46,1
DA:49,2
DA:55,1
DA:57,3
DA:59,2
DA:61,1
DA:62,1
DA:65,0
DA:68,0
DA:70,1
DA:71,1
DA:72,2
DA:73,3
DA:74,0
DA:75,1
DA:77,1
DA:78,0
DA:79,1
DA:80,0
DA:81,1
DA:82,1
DA:84,0
DA:87,0
DA:90,0
DA:93,0
DA:100,1
DA:106,1
DA:107,2
DA:108,1
DA:109,1
DA:113,2
DA:114,1
DA:116,1
DA:117,1
DA:121,2
DA:123,1
DA:124,1
DA:127,0
DA:130,0
DA:132,1
DA:133,0
DA:134,0
DA:135,0
DA:136,0
DA:137,0
DA:139,0
DA:140,0
DA:141,0
DA:142,0
DA:143,0
DA:144,0
DA:145,0
DA:146,0
DA:148,0
DA:151,0
DA:154,1
DA:157,2
DA:163,1
DA:168,1
DA:169,0
DA:171,0
DA:172,0
DA:175,0
DA:176,1
DA:179,0
LF:87
LH:51
end_of_record
SF:lib/features/auth/data/models/user_dto.dart
DA:10,2
DA:12,4
DA:13,2
DA:14,2
DA:15,2
DA:16,2
DA:19,12
LF:7
LH:7
end_of_record
SF:lib/features/auth/data/repositories/auth_repository_impl.dart
DA:9,1
DA:11,1
DA:13,2
DA:14,2
DA:17,1
DA:19,2
DA:20,2
LF:7
LH:7
end_of_record
SF:lib/features/auth/data/sources/auth_api.dart
DA:9,2
DA:16,1
DA:18,1
DA:19,1
DA:21,1
DA:22,1
DA:26,2
DA:28,2
DA:29,1
DA:30,1
DA:33,1
DA:36,0
DA:38,1
DA:39,1
DA:40,2
DA:41,2
DA:43,1
DA:44,1
DA:45,1
DA:46,1
DA:47,1
DA:49,0
DA:51,3
DA:54,1
DA:57,0
DA:61,0
DA:63,0
DA:65,0
DA:70,0
DA:71,0
DA:75,0
DA:76,0
DA:77,0
DA:80,0
DA:82,0
DA:84,0
DA:87,0
DA:88,0
DA:89,0
DA:91,0
DA:92,0
DA:93,0
DA:99,0
DA:100,0
DA:103,0
DA:105,0
DA:108,0
DA:109,0
DA:110,0
DA:113,0
DA:114,0
DA:115,0
DA:116,0
DA:118,0
LF:54
LH:22
end_of_record
SF:lib/features/cart/data/sources/cart_api.dart
DA:7,0
DA:9,0
DA:11,0
DA:13,0
DA:14,0
DA:16,0
DA:18,0
DA:19,0
DA:20,0
DA:21,0
DA:24,0
DA:27,0
DA:31,0
DA:33,0
DA:35,0
DA:38,0
DA:39,0
DA:41,0
DA:43,0
DA:44,0
DA:45,0
DA:46,0
DA:49,0
DA:52,0
DA:56,0
DA:58,0
DA:60,0
DA:63,0
DA:64,0
DA:66,0
DA:68,0
DA:69,0
DA:70,0
DA:71,0
DA:74,0
DA:77,0
DA:81,0
DA:83,0
DA:85,0
DA:86,0
DA:88,0
DA:90,0
DA:91,0
DA:92,0
DA:93,0
DA:96,0
DA:99,0
DA:103,0
DA:105,0
DA:107,0
DA:110,0
DA:111,0
DA:113,0
DA:115,0
DA:116,0
DA:117,0
DA:118,0
DA:121,0
DA:124,0
DA:128,0
DA:130,0
DA:132,0
DA:133,0
DA:135,0
DA:137,0
DA:138,0
DA:139,0
DA:140,0
DA:143,0
DA:146,0
DA:150,0
DA:152,0
DA:154,0
DA:155,0
DA:157,0
DA:159,0
DA:160,0
DA:161,0
DA:162,0
DA:165,0
DA:168,0
LF:81
LH:0
end_of_record
SF:lib/features/shop/data/product_repository.dart
DA:24,1
DA:26,1
DA:36,1
DA:37,1
DA:38,1
DA:39,1
DA:44,2
DA:46,5
DA:49,1
DA:53,1
DA:56,2
DA:57,1
DA:63,1
DA:66,2
DA:68,1
DA:72,1
DA:75,2
DA:77,1
DA:127,1
DA:136,1
DA:137,3
DA:138,5
DA:139,3
DA:140,4
DA:142,1
DA:145,1
DA:147,1
DA:149,5
DA:155,1
DA:157,1
DA:158,1
DA:159,1
DA:160,1
DA:165,1
DA:170,1
DA:171,1
DA:179,1
DA:181,1
DA:182,1
DA:183,1
DA:197,1
DA:198,1
LF:42
LH:42
end_of_record
SF:lib/core/state/checkout_controller.dart
DA:13,1
DA:30,1
DA:38,1
DA:51,2
DA:52,2
DA:53,2
DA:56,2
DA:58,2
DA:60,1
DA:61,1
DA:62,1
DA:65,1
DA:66,1
DA:67,1
DA:70,1
DA:71,1
DA:72,1
DA:73,1
DA:74,1
DA:75,1
DA:78,1
DA:79,1
DA:80,1
DA:83,1
DA:84,1
DA:85,1
DA:86,1
DA:89,1
DA:90,2
DA:93,1
DA:94,1
DA:95,1
DA:96,4
DA:97,1
DA:104,1
DA:108,1
DA:110,0
DA:111,0
DA:112,0
DA:113,0
LF:40
LH:36
end_of_record
SF:lib/core/auth/auth_utils.dart
DA:6,1
DA:7,1
DA:8,1
DA:9,1
DA:13,1
DA:14,1
DA:15,1
DA:19,1
DA:20,1
DA:21,1
DA:22,1
DA:23,1
DA:27,1
DA:28,1
DA:29,1
DA:33,1
DA:34,1
DA:35,1
DA:37,1
LF:19
LH:19
end_of_record
